
> angular-workspace@0.0.0 build
> ng build components && ng build angular-test-app

[34mBuilding Angular Package[39m
[37m[39m
[37m------------------------------------------------------------------------------[39m
[37mBuilding entry point 'components'[39m
[37m------------------------------------------------------------------------------[39m
- Compiling with Angular sources in Ivy partial compilation mode.
[31mâœ–[39m Compiling with Angular sources in Ivy partial compilation mode.
[1m[31m[96mprojects/components/src/lib/stencil-generated/components.ts[0m:[93m7[0m:[93m28[0m - [91merror[0m[90m TS2307: [0mCannot find module 'stencil-library' or its corresponding type declarations.[39m[22m
[1m[31m[39m[22m
[1m[31m[7m7[0m import { Components } from 'stencil-library';[39m[22m
[1m[31m[7m [0m [91m                           ~~~~~~~~~~~~~~~~~[0m[39m[22m
[1m[31m[39m[22m
npm ERR! Lifecycle script `build` failed with error: 
npm ERR! Error: command failed 
npm ERR!   in workspace: angular-workspace@0.0.0 
npm ERR!   at location: C:\Git\uxtest\packages\angular-workspace 
